2025-10-27 10:33:52,670 | __main__ | INFO | ================================================================================
2025-10-27 10:33:52,670 | __main__ | INFO | 🚀 PAPER TRADING SESSION - LIVE MARKET DATA
2025-10-27 10:33:52,670 | __main__ | INFO | ================================================================================
2025-10-27 10:33:52,670 | __main__ | INFO | ⏱️  Session Duration: 10 minutes
2025-10-27 10:33:52,670 | __main__ | INFO | 📅 Start Time: 2025-10-27T14:33:52.670842+00:00
2025-10-27 10:33:52,670 | __main__ | INFO | 💰 Capital: $2,271.38 (micro trading)
2025-10-27 10:33:52,670 | __main__ | INFO | 🎯 Daily Target: $600/day ($30.57 this session)
2025-10-27 10:33:52,670 | __main__ | INFO | ================================================================================
2025-10-27 10:33:52,671 | __main__ | INFO | 
🔍 Checking paper trading prerequisites...
2025-10-27 10:33:52,671 | __main__ | INFO | ✅ Mode Manager: PAPER
2025-10-27 10:33:52,672 | root | INFO | RICK Charter validation PASSED ✅
2025-10-27 10:33:52,672 | __main__ | INFO | ✅ Charter Loaded: PIN=841921, Daily Target=$600.0
2025-10-27 10:33:52,672 | __main__ | WARNING | ⚠️  Some components not fully ready, but proceeding with available resources
2025-10-27 10:33:52,672 | __main__ | INFO |    ❌ oanda_practice_env
2025-10-27 10:33:52,672 | __main__ | INFO |    ❌ ibkr_gateway_env
2025-10-27 10:33:52,672 | __main__ | INFO |    ✅ charter_loaded
2025-10-27 10:33:52,672 | __main__ | INFO |    ✅ mode_manager_ready
2025-10-27 10:33:52,734 | __main__ | INFO | 
🔧 Configuring PAPER mode...
2025-10-27 10:33:52,735 | __main__ | INFO | ✅ Mode: PAPER
2025-10-27 10:33:52,735 | __main__ | INFO | 
🔌 Connecting to OANDA Practice API...
2025-10-27 10:33:52,735 | __main__ | ERROR | ❌ Paper trading error: OandaConnector.__init__() got an unexpected keyword argument 'account_id'
Traceback (most recent call last):
  File "/home/ing/RICK/RICK_LIVE_CLEAN/launch_paper_trading.py", line 126, in launch_paper_trading_session
    oanda = OandaConnector(
            ^^^^^^^^^^^^^^^
TypeError: OandaConnector.__init__() got an unexpected keyword argument 'account_id'
2025-10-27 10:35:49,163 | __main__ | INFO | ================================================================================
2025-10-27 10:35:49,163 | __main__ | INFO | 🚀 PAPER TRADING SESSION - LIVE MARKET DATA
2025-10-27 10:35:49,163 | __main__ | INFO | ================================================================================
2025-10-27 10:35:49,164 | __main__ | INFO | ⏱️  Session Duration: 10 minutes
2025-10-27 10:35:49,164 | __main__ | INFO | 📅 Start Time: 2025-10-27T14:35:49.164062+00:00
2025-10-27 10:35:49,164 | __main__ | INFO | 💰 Capital: $2,271.38 (micro trading)
2025-10-27 10:35:49,164 | __main__ | INFO | 🎯 Daily Target: $600/day ($30.57 this session)
2025-10-27 10:35:49,164 | __main__ | INFO | ================================================================================
2025-10-27 10:35:49,164 | __main__ | INFO | 
🔍 Checking paper trading prerequisites...
2025-10-27 10:35:49,164 | __main__ | INFO | ✅ Mode Manager: PAPER
2025-10-27 10:35:49,165 | root | INFO | RICK Charter validation PASSED ✅
2025-10-27 10:35:49,165 | __main__ | INFO | ✅ Charter Loaded: PIN=841921, Daily Target=$600.0
2025-10-27 10:35:49,166 | __main__ | WARNING | ⚠️  Some components not fully ready, but proceeding with available resources
2025-10-27 10:35:49,166 | __main__ | INFO |    ❌ oanda_practice_env
2025-10-27 10:35:49,166 | __main__ | INFO |    ❌ ibkr_gateway_env
2025-10-27 10:35:49,166 | __main__ | INFO |    ✅ charter_loaded
2025-10-27 10:35:49,166 | __main__ | INFO |    ✅ mode_manager_ready
2025-10-27 10:35:49,217 | __main__ | INFO | 
🔧 Configuring PAPER mode...
2025-10-27 10:35:49,217 | __main__ | INFO | ✅ Mode: PAPER
2025-10-27 10:35:49,217 | __main__ | INFO | 
🔌 Connecting to OANDA Practice API...
2025-10-27 10:35:49,217 | __main__ | ERROR | ❌ Paper trading error: name 'args' is not defined
Traceback (most recent call last):
  File "/home/ing/RICK/RICK_LIVE_CLEAN/launch_paper_trading.py", line 127, in launch_paper_trading_session
    pin=args.pin,
        ^^^^
NameError: name 'args' is not defined
2025-10-27 10:36:34,691 | __main__ | INFO | ================================================================================
2025-10-27 10:36:34,691 | __main__ | INFO | 🚀 PAPER TRADING SESSION - LIVE MARKET DATA
2025-10-27 10:36:34,691 | __main__ | INFO | ================================================================================
2025-10-27 10:36:34,692 | __main__ | INFO | ⏱️  Session Duration: 10 minutes
2025-10-27 10:36:34,692 | __main__ | INFO | 📅 Start Time: 2025-10-27T14:36:34.692081+00:00
2025-10-27 10:36:34,692 | __main__ | INFO | 💰 Capital: $2,271.38 (micro trading)
2025-10-27 10:36:34,692 | __main__ | INFO | 🎯 Daily Target: $600/day ($30.57 this session)
2025-10-27 10:36:34,692 | __main__ | INFO | ================================================================================
2025-10-27 10:36:34,692 | __main__ | INFO | 
🔍 Checking paper trading prerequisites...
2025-10-27 10:36:34,692 | __main__ | INFO | ✅ Mode Manager: PAPER
2025-10-27 10:36:34,693 | root | INFO | RICK Charter validation PASSED ✅
2025-10-27 10:36:34,693 | __main__ | INFO | ✅ Charter Loaded: PIN=841921, Daily Target=$600.0
2025-10-27 10:36:34,693 | __main__ | WARNING | ⚠️  Some components not fully ready, but proceeding with available resources
2025-10-27 10:36:34,693 | __main__ | INFO |    ❌ oanda_practice_env
2025-10-27 10:36:34,693 | __main__ | INFO |    ❌ ibkr_gateway_env
2025-10-27 10:36:34,693 | __main__ | INFO |    ✅ charter_loaded
2025-10-27 10:36:34,693 | __main__ | INFO |    ✅ mode_manager_ready
2025-10-27 10:36:34,744 | __main__ | INFO | 
🔧 Configuring PAPER mode...
2025-10-27 10:36:34,744 | __main__ | INFO | ✅ Mode: PAPER
2025-10-27 10:36:34,744 | __main__ | INFO | 
🔌 Connecting to OANDA Practice API...
2025-10-27 10:36:34,744 | brokers.oanda_connector | INFO | OandaConnector initialized for practice environment
2025-10-27 10:36:34,744 | brokers.oanda_connector | INFO | OANDA practice credentials validated
2025-10-27 10:36:34,745 | __main__ | WARNING | ⚠️  Could not fetch account info: 'OandaConnector' object has no attribute 'get_account_info'
2025-10-27 10:36:34,745 | __main__ | INFO | 
📊 Fetching available instruments...
2025-10-27 10:36:34,745 | __main__ | WARNING | ⚠️  Could not fetch instruments: 'OandaConnector' object has no attribute 'get_tradeable_instruments'
2025-10-27 10:36:34,745 | __main__ | INFO | 
💱 Fetching live market prices...
2025-10-27 10:36:34,745 | __main__ | INFO | 
📋 Charter Validation:
2025-10-27 10:36:34,745 | __main__ | INFO |    ✅ Charter Version: 2.0_IMMUTABLE
2025-10-27 10:36:34,745 | __main__ | INFO |    ✅ Daily Income Target: $600.0
2025-10-27 10:36:34,745 | __main__ | INFO |    ✅ Risk Per Trade: 2.0%
2025-10-27 10:36:34,745 | __main__ | INFO |    ✅ Max Hold Duration: 6 hours
2025-10-27 10:36:34,745 | __main__ | INFO |    ✅ Max Concurrent Positions: 3
2025-10-27 10:36:34,745 | __main__ | INFO | 
================================================================================
2025-10-27 10:36:34,745 | __main__ | INFO | ✅ PAPER TRADING SESSION READY!
2025-10-27 10:36:34,745 | __main__ | INFO | ================================================================================
2025-10-27 10:36:34,745 | __main__ | INFO | 📈 Status: LIVE MARKET DATA STREAMING
2025-10-27 10:36:34,745 | __main__ | INFO | 🎯 Mode: PAPER TRADING (Zero Risk)
2025-10-27 10:36:34,745 | __main__ | INFO | ⏳ Awaiting trading signals...
2025-10-27 10:36:34,746 | __main__ | INFO | ================================================================================
2025-10-27 10:36:34,746 | __main__ | INFO | 
⏱️  Session running for 10 minutes...
2025-10-27 10:36:34,746 | __main__ | INFO | End time: 2025-10-27T14:46:34.746092+00:00
2025-10-27 10:38:18,012 | __main__ | INFO | ================================================================================
2025-10-27 10:38:18,012 | __main__ | INFO | 🚀 PAPER TRADING SESSION - LIVE MARKET DATA
2025-10-27 10:38:18,012 | __main__ | INFO | ================================================================================
2025-10-27 10:38:18,012 | __main__ | INFO | ⏱️  Session Duration: 2 minutes
2025-10-27 10:38:18,012 | __main__ | INFO | 📅 Start Time: 2025-10-27T14:38:18.012799+00:00
2025-10-27 10:38:18,012 | __main__ | INFO | 💰 Capital: $2,271.38 (micro trading)
2025-10-27 10:38:18,012 | __main__ | INFO | 🎯 Daily Target: $600/day ($30.57 this session)
2025-10-27 10:38:18,012 | __main__ | INFO | ================================================================================
2025-10-27 10:38:18,012 | __main__ | INFO | 
🔍 Checking paper trading prerequisites...
2025-10-27 10:38:18,013 | __main__ | INFO | ✅ Mode Manager: PAPER
2025-10-27 10:38:18,014 | root | INFO | RICK Charter validation PASSED ✅
2025-10-27 10:38:18,014 | __main__ | INFO | ✅ Charter Loaded: PIN=841921, Daily Target=$600.0
2025-10-27 10:38:18,015 | __main__ | WARNING | ⚠️  Some components not fully ready, but proceeding with available resources
2025-10-27 10:38:18,015 | __main__ | INFO |    ❌ oanda_practice_env
2025-10-27 10:38:18,015 | __main__ | INFO |    ❌ ibkr_gateway_env
2025-10-27 10:38:18,015 | __main__ | INFO |    ✅ charter_loaded
2025-10-27 10:38:18,015 | __main__ | INFO |    ✅ mode_manager_ready
2025-10-27 10:38:18,072 | __main__ | INFO | 
🔧 Configuring PAPER mode...
2025-10-27 10:38:18,072 | __main__ | INFO | ✅ Mode: PAPER
2025-10-27 10:38:18,072 | __main__ | INFO | 
🔌 Connecting to OANDA Practice API...
2025-10-27 10:38:18,073 | brokers.oanda_connector | INFO | OandaConnector initialized for practice environment
2025-10-27 10:38:18,073 | brokers.oanda_connector | INFO | OANDA practice credentials validated
2025-10-27 10:38:18,352 | __main__ | INFO | ✅ Connected to OANDA Practice Account
2025-10-27 10:38:18,352 | __main__ | INFO |    Account ID: N/A
2025-10-27 10:38:18,352 | __main__ | INFO |    Balance: $N/A
2025-10-27 10:38:18,352 | __main__ | INFO |    Currency: N/A
2025-10-27 10:38:18,352 | __main__ | INFO | 
📊 Fetching available instruments...
2025-10-27 10:38:18,561 | __main__ | INFO | ✅ Found 0 tradeable instruments
2025-10-27 10:38:18,562 | __main__ | INFO | 
💱 Fetching live market prices...
2025-10-27 10:38:19,406 | __main__ | INFO | 
📋 Charter Validation:
2025-10-27 10:38:19,407 | __main__ | INFO |    ✅ Charter Version: 2.0_IMMUTABLE
2025-10-27 10:38:19,407 | __main__ | INFO |    ✅ Daily Income Target: $600.0
2025-10-27 10:38:19,407 | __main__ | INFO |    ✅ Risk Per Trade: 2.0%
2025-10-27 10:38:19,407 | __main__ | INFO |    ✅ Max Hold Duration: 6 hours
2025-10-27 10:38:19,407 | __main__ | INFO |    ✅ Max Concurrent Positions: 3
2025-10-27 10:38:19,407 | __main__ | INFO | 
================================================================================
2025-10-27 10:38:19,407 | __main__ | INFO | ✅ PAPER TRADING SESSION READY!
2025-10-27 10:38:19,408 | __main__ | INFO | ================================================================================
2025-10-27 10:38:19,408 | __main__ | INFO | 📈 Status: LIVE MARKET DATA STREAMING
2025-10-27 10:38:19,408 | __main__ | INFO | 🎯 Mode: PAPER TRADING (Zero Risk)
2025-10-27 10:38:19,408 | __main__ | INFO | ⏳ Awaiting trading signals...
2025-10-27 10:38:19,408 | __main__ | INFO | ================================================================================
2025-10-27 10:38:19,408 | __main__ | INFO | 
⏱️  Session running for 2 minutes...
2025-10-27 10:38:19,408 | __main__ | INFO | End time: 2025-10-27T14:40:19.408377+00:00
2025-10-27 11:12:58,185 | __main__ | INFO | ================================================================================
2025-10-27 11:12:58,185 | __main__ | INFO | 🚀 PAPER TRADING SESSION - LIVE MARKET DATA
2025-10-27 11:12:58,185 | __main__ | INFO | ================================================================================
2025-10-27 11:12:58,185 | __main__ | INFO | ⏱️  Session Duration: 2 minutes
2025-10-27 11:12:58,185 | __main__ | INFO | 📅 Start Time: 2025-10-27T15:12:58.185924+00:00
2025-10-27 11:12:58,185 | __main__ | INFO | 💰 Capital: $2,271.38 (micro trading)
2025-10-27 11:12:58,185 | __main__ | INFO | 🎯 Daily Target: $600/day ($30.57 this session)
2025-10-27 11:12:58,185 | __main__ | INFO | ================================================================================
2025-10-27 11:12:58,185 | __main__ | INFO | 
🔍 Checking paper trading prerequisites...
2025-10-27 11:12:58,186 | __main__ | INFO | ✅ Mode Manager: PAPER
2025-10-27 11:12:58,187 | root | INFO | RICK Charter validation PASSED ✅
2025-10-27 11:12:58,187 | __main__ | INFO | ✅ Charter Loaded: PIN=841921, Daily Target=$600.0
2025-10-27 11:12:58,187 | __main__ | WARNING | ⚠️  Some components not fully ready, but proceeding with available resources
2025-10-27 11:12:58,187 | __main__ | INFO |    ❌ oanda_practice_env
2025-10-27 11:12:58,187 | __main__ | INFO |    ❌ ibkr_gateway_env
2025-10-27 11:12:58,187 | __main__ | INFO |    ✅ charter_loaded
2025-10-27 11:12:58,187 | __main__ | INFO |    ✅ mode_manager_ready
2025-10-27 11:12:58,245 | __main__ | INFO | 
🔧 Configuring PAPER mode...
2025-10-27 11:12:58,245 | __main__ | INFO | ✅ Mode: PAPER
2025-10-27 11:12:58,245 | __main__ | INFO | 
🔌 Connecting to OANDA Practice API...
2025-10-27 11:12:58,245 | brokers.oanda_connector | INFO | OandaConnector initialized for practice environment
2025-10-27 11:12:58,245 | brokers.oanda_connector | INFO | OANDA practice credentials validated
2025-10-27 11:12:58,495 | __main__ | INFO | ✅ Connected to OANDA Practice Account
2025-10-27 11:12:58,496 | __main__ | INFO |    Account ID: N/A
2025-10-27 11:12:58,496 | __main__ | INFO |    Balance: $1828.8078
2025-10-27 11:12:58,496 | __main__ | INFO |    Currency: USD
2025-10-27 11:12:58,496 | __main__ | INFO | 
📊 Fetching available instruments...
2025-10-27 11:12:58,777 | __main__ | INFO | ✅ Found 68 tradeable instruments
2025-10-27 11:12:58,777 | __main__ | INFO | 
💱 Fetching live market prices...
2025-10-27 11:12:58,970 | __main__ | INFO |    EUR_USD: BID=1.16347 | ASK=1.16364
2025-10-27 11:12:59,220 | __main__ | INFO |    GBP_USD: BID=1.33214 | ASK=1.33232
2025-10-27 11:12:59,473 | __main__ | INFO |    USD_JPY: BID=153.064 | ASK=153.079
2025-10-27 11:12:59,672 | __main__ | INFO |    AUD_USD: BID=0.65477 | ASK=0.65489
2025-10-27 11:12:59,672 | __main__ | INFO | ✅ Live prices received for 4 pairs
2025-10-27 11:12:59,672 | __main__ | INFO | 
📋 Charter Validation:
2025-10-27 11:12:59,672 | __main__ | INFO |    ✅ Charter Version: 2.0_IMMUTABLE
2025-10-27 11:12:59,672 | __main__ | INFO |    ✅ Daily Income Target: $600.0
2025-10-27 11:12:59,672 | __main__ | INFO |    ✅ Risk Per Trade: 2.0%
2025-10-27 11:12:59,672 | __main__ | INFO |    ✅ Max Hold Duration: 6 hours
2025-10-27 11:12:59,672 | __main__ | INFO |    ✅ Max Concurrent Positions: 3
2025-10-27 11:12:59,672 | __main__ | INFO | 
================================================================================
2025-10-27 11:12:59,672 | __main__ | INFO | ✅ PAPER TRADING SESSION READY!
2025-10-27 11:12:59,673 | __main__ | INFO | ================================================================================
2025-10-27 11:12:59,673 | __main__ | INFO | 📈 Status: LIVE MARKET DATA STREAMING
2025-10-27 11:12:59,673 | __main__ | INFO | 🎯 Mode: PAPER TRADING (Zero Risk)
2025-10-27 11:12:59,673 | __main__ | INFO | ⏳ Awaiting trading signals...
2025-10-27 11:12:59,673 | __main__ | INFO | ================================================================================
2025-10-27 11:12:59,673 | __main__ | INFO | 
⏱️  Session running for 2 minutes...
2025-10-27 11:12:59,673 | __main__ | INFO | End time: 2025-10-27T15:14:59.673152+00:00
